warning: unused import: `std::path::Path`
 --> crates/gloomy-core/src/texture.rs:2:5
  |
2 | use std::path::Path;
  |     ^^^^^^^^^^^^^^^
  |
  = note: `#[warn(unused_imports)]` (part of `#[warn(unused)]`) on by default

warning: unused import: `std::collections::HashMap`
   --> crates/gloomy-core/src/ui.rs:197:9
    |
197 |     use std::collections::HashMap;
    |         ^^^^^^^^^^^^^^^^^^^^^^^^^

warning: unused import: `std::cell::RefCell`
   --> crates/gloomy-core/src/ui.rs:198:9
    |
198 |     use std::cell::RefCell;
    |         ^^^^^^^^^^^^^^^^^^

warning: unused variable: `font`
   --> crates/gloomy-core/src/layout_engine.rs:533:36
    |
533 |     Widget::Button { bounds, text, font, .. } => {
    |                                    ^^^^ help: try ignoring the field: `font: _`
    |
    = note: `#[warn(unused_variables)]` (part of `#[warn(unused)]`) on by default

warning: unused variable: `font`
   --> crates/gloomy-core/src/layout_engine.rs:545:48
    |
545 |     Widget::Label { width, height, size, text, font, .. } => {
    |                                                ^^^^ help: try ignoring the field: `font: _`

warning: variable does not need to be mutable
  --> crates/gloomy-core/src/text.rs:98:9
   |
98 |     let mut brush =
   |         ----^^^^^
   |         |
   |         help: remove this `mut`
   |
   = note: `#[warn(unused_mut)]` (part of `#[warn(unused)]`) on by default

warning: variable does not need to be mutable
   --> crates/gloomy-core/src/text.rs:174:9
    |
174 |     let mut brush = BrushBuilder::using_fonts(all_fonts.clone())
    |         ----^^^^^
    |         |
    |         help: remove this `mut`

warning: unused variable: `font_id`
   --> crates/gloomy-core/src/text.rs:321:17
    |
321 |     if let Some(font_id) = self.font_registry.get_font_id(family_name, bold, italic) {
    |                 ^^^^^^^ help: if this is intentional, prefix it with an underscore: `_font_id`

warning: unreachable pattern
    --> crates/gloomy-core/src/ui.rs:1105:5
     |
 787 |     Widget::Spacer { .. } => {}
     |     --------------------- matches all the relevant values
...
1105 |     Widget::Spacer { .. } => {}
     |     ^^^^^^^^^^^^^^^^^^^^^ no value can reach this
     |
     = note: `#[warn(unreachable_patterns)]` (part of `#[warn(unused)]`) on by default

warning: unused variable: `id`
   --> crates/gloomy-core/src/ui.rs:341:28
    |
341 |     Widget::ToggleSwitch { id, checked, style, bounds, .. } => {
    |                            ^^ help: try ignoring the field: `id: _`

warning: unused variable: `thumb_x`
   --> crates/gloomy-core/src/ui.rs:352:13
    |
352 |         let thumb_x = pad + thumb_r + offset_x - (bounds.width * 0.5); // Relative t...
    |             ^^^^^^^ help: if this is intentional, prefix it with an underscore: `_thumb_x`

warning: unused variable: `layout_cache`
   --> crates/gloomy-core/src/ui.rs:436:124
    |
436 | ..., border, layout_cache, render_cache, .. } => {
    |              ^^^^^^^^^^^^ help: try ignoring the field: `layout_cache: _`

warning: unused variable: `text_align`
   --> crates/gloomy-core/src/ui.rs:712:7
    |
712 |       text_align,
    |       ^^^^^^^^^^ help: try ignoring the field: `text_align: _`

warning: unused variable: `text_area_width`
   --> crates/gloomy-core/src/ui.rs:837:13
    |
837 |         let text_area_width = bounds.width - spinner_width - 8.0; // 8px padding
    |             ^^^^^^^^^^^^^^^ help: if this is intentional, prefix it with an underscore: `_text_area_width`

warning: unused variable: `id`
    --> crates/gloomy-core/src/ui.rs:1615:20
     |
1615 |     Widget::Tree { id, bounds, root_nodes, selected_id, expanded_ids, style, .. } => {
     |                    ^^ help: try ignoring the field: `id: _`

warning: unused variable: `padding`
    --> crates/gloomy-core/src/ui.rs:2064:47
     |
2064 |         Widget::Container { children, bounds, padding, id, scrollable, .. } => {
     |                                               ^^^^^^^ help: try ignoring the field: `padding: _`

warning: unused variable: `group_id`
   --> crates/gloomy-core/src/widget.rs:828:33
    |
828 | ...   Widget::RadioButton { group_id, value, .. } => Some(value), // Use value as ID...
    |                             ^^^^^^^^ help: try ignoring the field: `group_id: _`

warning: type `ImageInstance` is more private than the item `ImageSnapshot::instances`
   --> crates/gloomy-core/src/image_renderer.rs:349:5
    |
349 |     pub instances: Vec<ImageInstance>,
    |     ^^^^^^^^^^^^^^^^^^^^^^^^^^^^^^^^^ field `ImageSnapshot::instances` is reachable at visibility `pub`
    |
note: but type `ImageInstance` is only usable at visibility `pub(self)`
   --> crates/gloomy-core/src/image_renderer.rs:8:1
    |
  8 | struct ImageInstance {
    | ^^^^^^^^^^^^^^^^^^^^
    = note: `#[warn(private_interfaces)]` on by default

warning: type `primitives::Batch` is more private than the item `PrimitiveSnapshot::batches`
   --> crates/gloomy-core/src/primitives.rs:439:5
    |
439 |     pub batches: Vec<Batch>,
    |     ^^^^^^^^^^^^^^^^^^^^^^^ field `PrimitiveSnapshot::batches` is reachable at visibility `pub`
    |
note: but type `primitives::Batch` is only usable at visibility `pub(self)`
   --> crates/gloomy-core/src/primitives.rs:35:1
    |
 35 | struct Batch {
    | ^^^^^^^^^^^^

warning: function `get_grid_col` is never used
   --> crates/gloomy-core/src/layout_engine.rs:793:4
    |
793 | fn get_grid_col(widget: &Widget) -> usize {
    |    ^^^^^^^^^^^^
    |
    = note: `#[warn(dead_code)]` (part of `#[warn(unused)]`) on by default

warning: function `get_grid_row` is never used
   --> crates/gloomy-core/src/layout_engine.rs:818:4
    |
818 | fn get_grid_row(widget: &Widget) -> usize {
    |    ^^^^^^^^^^^^

warning: function `default_slider_height` is never used
   --> crates/gloomy-core/src/widget.rs:716:4
    |
716 | fn default_slider_height() -> f32 {
    |    ^^^^^^^^^^^^^^^^^^^^^

warning: function `default_thumb_radius` is never used
   --> crates/gloomy-core/src/widget.rs:720:4
    |
720 | fn default_thumb_radius() -> f32 {
    |    ^^^^^^^^^^^^^^^^^^^^

warning: field `calculated_column_widths` is never read
   --> crates/gloomy-core/src/datagrid.rs:256:16
    |
193 | pub struct DataGrid {
    |            -------- field in this struct
...
256 |     pub(crate) calculated_column_widths: Vec<f32>,
    |                ^^^^^^^^^^^^^^^^^^^^^^^^
    |
    = note: `DataGrid` has derived impls for the traits `Clone` and `Debug`, but these are intentionally ignored during dead code analysis

warning: field `0` is never read
   --> crates/gloomy-core/src/rich_text.rs:410:11
    |
410 |     Close(TagType),
    |     ----- ^^^^^^^
    |     |
    |     field in this variant
    |
    = note: `Tag` has a derived impl for the trait `Debug`, but this is intentionally ignored during dead code analysis
help: consider changing the field to be of unit type to suppress this warning while preserving the field numbering, or remove the field
    |
410 -     Close(TagType),
410 +     Close(()),
    |

warning: `gloomy-core` (lib) generated 25 warnings (run `cargo fix --lib -p gloomy-core` to apply 16 suggestions)
warning: unused `Result` that must be used
   --> examples/validation_demo.rs:185:5
    |
185 | /     GloomyApp::new()
186 | |         .on_cursor_move(move |_win, x, y| {
187 | |             let mut s = state_cursor.borrow_mut();
188 | |             s.interaction.update_mouse(Vec2::new(x as f32, y as f32));
...   |
324 | |         })
325 | |         .run();
    | |______________^
    |
    = note: this `Result` may be an `Err` variant, which should be handled
    = note: `#[warn(unused_must_use)]` (part of `#[warn(unused)]`) on by default
help: use `let _ = ...` to ignore the resulting value
    |
185 |     let _ = GloomyApp::new()
    |     +++++++

warning: `gloomy` (example "validation_demo") generated 1 warning
    Finished `dev` profile [unoptimized + debuginfo] target(s) in 0.07s
     Running `target/debug/examples/validation_demo`
[2026-01-03T14:00:51Z ERROR wgpu_hal::gles::egl] EGL 'eglCreateSyncKHR' code 0x3004: EGL_BAD_ATTRIBUTE error: In eglCreateSyncKHR: EGL_SYNC_NATIVE_FENCE_FD_ANDROID specified valid fd butEGL_SYNC_STATUS is also being set
    
[2026-01-03T14:00:51Z ERROR wgpu_hal::gles::egl] EGL 'eglCreateSyncKHR' code 0x3004: EGL_BAD_ATTRIBUTE error: In eglCreateSyncKHR: EGL_SYNC_NATIVE_FENCE_FD_ANDROID specified valid fd butEGL_SYNC_STATUS is also being set
    
Autocomplete: focused and suggestsions > 0. Len: 20
Executing deferred Autocomplete draw. Suggestions: 20
Autocomplete: focused and suggestsions > 0. Len: 20
Executing deferred Autocomplete draw. Suggestions: 20
Autocomplete: focused and suggestsions > 0. Len: 20
Executing deferred Autocomplete draw. Suggestions: 20
Autocomplete: focused and suggestsions > 0. Len: 20
Executing deferred Autocomplete draw. Suggestions: 20
Autocomplete: focused and suggestsions > 0. Len: 20
Executing deferred Autocomplete draw. Suggestions: 20
Autocomplete: focused and suggestsions > 0. Len: 20
Executing deferred Autocomplete draw. Suggestions: 20
Autocomplete: focused and suggestsions > 0. Len: 20
Executing deferred Autocomplete draw. Suggestions: 20
Autocomplete: focused and suggestsions > 0. Len: 20
Executing deferred Autocomplete draw. Suggestions: 20
Autocomplete: focused and suggestsions > 0. Len: 20
Executing deferred Autocomplete draw. Suggestions: 20
Autocomplete: focused and suggestsions > 0. Len: 20
Executing deferred Autocomplete draw. Suggestions: 20
Autocomplete: focused and suggestsions > 0. Len: 20
Executing deferred Autocomplete draw. Suggestions: 20
Autocomplete: focused and suggestsions > 0. Len: 20
Executing deferred Autocomplete draw. Suggestions: 20
Autocomplete: focused and suggestsions > 0. Len: 20
Executing deferred Autocomplete draw. Suggestions: 20
Autocomplete: focused and suggestsions > 0. Len: 20
Executing deferred Autocomplete draw. Suggestions: 20
Autocomplete: focused and suggestsions > 0. Len: 20
Executing deferred Autocomplete draw. Suggestions: 20
Autocomplete: focused and suggestsions > 0. Len: 20
Executing deferred Autocomplete draw. Suggestions: 20
Autocomplete: focused and suggestsions > 0. Len: 20
Executing deferred Autocomplete draw. Suggestions: 20
Autocomplete: focused and suggestsions > 0. Len: 20
Executing deferred Autocomplete draw. Suggestions: 20
Autocomplete: focused and suggestsions > 0. Len: 20
Executing deferred Autocomplete draw. Suggestions: 20
Autocomplete: focused and suggestsions > 0. Len: 20
Executing deferred Autocomplete draw. Suggestions: 20
Autocomplete: focused and suggestsions > 0. Len: 20
Executing deferred Autocomplete draw. Suggestions: 20
Autocomplete: focused and suggestsions > 0. Len: 20
Executing deferred Autocomplete draw. Suggestions: 20
Autocomplete: focused and suggestsions > 0. Len: 20
Executing deferred Autocomplete draw. Suggestions: 20
Autocomplete: focused and suggestsions > 0. Len: 20
Executing deferred Autocomplete draw. Suggestions: 20
Autocomplete: focused and suggestsions > 0. Len: 20
Executing deferred Autocomplete draw. Suggestions: 20
Autocomplete: focused and suggestsions > 0. Len: 20
Executing deferred Autocomplete draw. Suggestions: 20
Autocomplete: focused and suggestsions > 0. Len: 20
Executing deferred Autocomplete draw. Suggestions: 20
Autocomplete: focused and suggestsions > 0. Len: 20
Executing deferred Autocomplete draw. Suggestions: 20
Autocomplete: focused and suggestsions > 0. Len: 20
Executing deferred Autocomplete draw. Suggestions: 20
Autocomplete: focused and suggestsions > 0. Len: 20
Executing deferred Autocomplete draw. Suggestions: 20
Autocomplete: focused and suggestsions > 0. Len: 20
Executing deferred Autocomplete draw. Suggestions: 20
Autocomplete: focused and suggestsions > 0. Len: 20
Executing deferred Autocomplete draw. Suggestions: 20
Autocomplete: focused and suggestsions > 0. Len: 20
Executing deferred Autocomplete draw. Suggestions: 20
Autocomplete: focused and suggestsions > 0. Len: 20
Executing deferred Autocomplete draw. Suggestions: 20
Autocomplete: focused and suggestsions > 0. Len: 20
Executing deferred Autocomplete draw. Suggestions: 20
Autocomplete: focused and suggestsions > 0. Len: 20
Executing deferred Autocomplete draw. Suggestions: 20
Autocomplete: focused and suggestsions > 0. Len: 20
Executing deferred Autocomplete draw. Suggestions: 20
Autocomplete: focused and suggestsions > 0. Len: 20
Executing deferred Autocomplete draw. Suggestions: 20
Autocomplete: focused and suggestsions > 0. Len: 20
Executing deferred Autocomplete draw. Suggestions: 20
Autocomplete: focused and suggestsions > 0. Len: 20
Executing deferred Autocomplete draw. Suggestions: 20
Autocomplete: focused and suggestsions > 0. Len: 20
Executing deferred Autocomplete draw. Suggestions: 20
Autocomplete: focused and suggestsions > 0. Len: 20
Executing deferred Autocomplete draw. Suggestions: 20
Autocomplete: focused and suggestsions > 0. Len: 20
Executing deferred Autocomplete draw. Suggestions: 20
Autocomplete: focused and suggestsions > 0. Len: 20
Executing deferred Autocomplete draw. Suggestions: 20
Autocomplete: focused and suggestsions > 0. Len: 20
Executing deferred Autocomplete draw. Suggestions: 20
Autocomplete: focused and suggestsions > 0. Len: 20
Executing deferred Autocomplete draw. Suggestions: 20
Autocomplete: focused and suggestsions > 0. Len: 20
Executing deferred Autocomplete draw. Suggestions: 20
Autocomplete: focused and suggestsions > 0. Len: 20
Executing deferred Autocomplete draw. Suggestions: 20
Autocomplete: focused and suggestsions > 0. Len: 20
Executing deferred Autocomplete draw. Suggestions: 20
Autocomplete: focused and suggestsions > 0. Len: 20
Executing deferred Autocomplete draw. Suggestions: 20
Autocomplete: focused and suggestsions > 0. Len: 20
Executing deferred Autocomplete draw. Suggestions: 20
Autocomplete: focused and suggestsions > 0. Len: 20
Executing deferred Autocomplete draw. Suggestions: 20
Autocomplete: focused and suggestsions > 0. Len: 20
Executing deferred Autocomplete draw. Suggestions: 20
Autocomplete: focused and suggestsions > 0. Len: 20
Executing deferred Autocomplete draw. Suggestions: 20
Autocomplete: focused and suggestsions > 0. Len: 20
Executing deferred Autocomplete draw. Suggestions: 20
Autocomplete: focused and suggestsions > 0. Len: 20
Executing deferred Autocomplete draw. Suggestions: 20
Autocomplete: focused and suggestsions > 0. Len: 20
Executing deferred Autocomplete draw. Suggestions: 20
Autocomplete: focused and suggestsions > 0. Len: 20
Executing deferred Autocomplete draw. Suggestions: 20
Autocomplete: focused and suggestsions > 0. Len: 20
Executing deferred Autocomplete draw. Suggestions: 20
Autocomplete: focused and suggestsions > 0. Len: 20
Executing deferred Autocomplete draw. Suggestions: 20
Autocomplete: focused and suggestsions > 0. Len: 20
Executing deferred Autocomplete draw. Suggestions: 20
Autocomplete: focused and suggestsions > 0. Len: 20
Executing deferred Autocomplete draw. Suggestions: 20
Autocomplete: focused and suggestsions > 0. Len: 20
Executing deferred Autocomplete draw. Suggestions: 20
Autocomplete: focused and suggestsions > 0. Len: 20
Executing deferred Autocomplete draw. Suggestions: 20
Autocomplete: focused and suggestsions > 0. Len: 20
Executing deferred Autocomplete draw. Suggestions: 20
Autocomplete: focused and suggestsions > 0. Len: 20
Executing deferred Autocomplete draw. Suggestions: 20
Autocomplete: focused and suggestsions > 0. Len: 20
Executing deferred Autocomplete draw. Suggestions: 20
Autocomplete: focused and suggestsions > 0. Len: 20
Executing deferred Autocomplete draw. Suggestions: 20
Autocomplete: focused and suggestsions > 0. Len: 20
Executing deferred Autocomplete draw. Suggestions: 20
Autocomplete: focused and suggestsions > 0. Len: 20
Executing deferred Autocomplete draw. Suggestions: 20
Autocomplete: focused and suggestsions > 0. Len: 20
Executing deferred Autocomplete draw. Suggestions: 20
Autocomplete: focused and suggestsions > 0. Len: 20
Executing deferred Autocomplete draw. Suggestions: 20
Autocomplete: focused and suggestsions > 0. Len: 20
Executing deferred Autocomplete draw. Suggestions: 20
Autocomplete: focused and suggestsions > 0. Len: 20
Executing deferred Autocomplete draw. Suggestions: 20
Autocomplete: focused and suggestsions > 0. Len: 20
Executing deferred Autocomplete draw. Suggestions: 20
Autocomplete: focused and suggestsions > 0. Len: 20
Executing deferred Autocomplete draw. Suggestions: 20
Autocomplete: focused and suggestsions > 0. Len: 20
Executing deferred Autocomplete draw. Suggestions: 20
Autocomplete: focused and suggestsions > 0. Len: 20
Executing deferred Autocomplete draw. Suggestions: 20
Autocomplete: focused and suggestsions > 0. Len: 20
Executing deferred Autocomplete draw. Suggestions: 20
Autocomplete: focused and suggestsions > 0. Len: 20
Executing deferred Autocomplete draw. Suggestions: 20
Autocomplete: focused and suggestsions > 0. Len: 20
Executing deferred Autocomplete draw. Suggestions: 20
Autocomplete: focused and suggestsions > 0. Len: 20
Executing deferred Autocomplete draw. Suggestions: 20
Autocomplete: focused and suggestsions > 0. Len: 20
Executing deferred Autocomplete draw. Suggestions: 20
Autocomplete: focused and suggestsions > 0. Len: 20
Executing deferred Autocomplete draw. Suggestions: 20
Autocomplete: focused and suggestsions > 0. Len: 20
Executing deferred Autocomplete draw. Suggestions: 20
Autocomplete: focused and suggestsions > 0. Len: 20
Executing deferred Autocomplete draw. Suggestions: 20
Autocomplete: focused and suggestsions > 0. Len: 20
Executing deferred Autocomplete draw. Suggestions: 20
Autocomplete: focused and suggestsions > 0. Len: 20
Executing deferred Autocomplete draw. Suggestions: 20
Autocomplete: focused and suggestsions > 0. Len: 20
Executing deferred Autocomplete draw. Suggestions: 20
Autocomplete: focused and suggestsions > 0. Len: 20
Executing deferred Autocomplete draw. Suggestions: 20
Autocomplete: focused and suggestsions > 0. Len: 20
Executing deferred Autocomplete draw. Suggestions: 20
Autocomplete: focused and suggestsions > 0. Len: 20
Executing deferred Autocomplete draw. Suggestions: 20
Autocomplete: focused and suggestsions > 0. Len: 20
Executing deferred Autocomplete draw. Suggestions: 20
Autocomplete: focused and suggestsions > 0. Len: 20
Executing deferred Autocomplete draw. Suggestions: 20
Autocomplete: focused and suggestsions > 0. Len: 20
Executing deferred Autocomplete draw. Suggestions: 20
Autocomplete: focused and suggestsions > 0. Len: 20
Executing deferred Autocomplete draw. Suggestions: 20
Autocomplete: focused and suggestsions > 0. Len: 20
Executing deferred Autocomplete draw. Suggestions: 20
Autocomplete: focused and suggestsions > 0. Len: 20
Executing deferred Autocomplete draw. Suggestions: 20
Autocomplete: focused and suggestsions > 0. Len: 20
Executing deferred Autocomplete draw. Suggestions: 20
Autocomplete: focused and suggestsions > 0. Len: 20
Executing deferred Autocomplete draw. Suggestions: 20
Autocomplete: focused and suggestsions > 0. Len: 20
Executing deferred Autocomplete draw. Suggestions: 20
Autocomplete: focused and suggestsions > 0. Len: 20
Executing deferred Autocomplete draw. Suggestions: 20
Autocomplete: focused and suggestsions > 0. Len: 20
Executing deferred Autocomplete draw. Suggestions: 20
Autocomplete: focused and suggestsions > 0. Len: 20
Executing deferred Autocomplete draw. Suggestions: 20
Autocomplete: focused and suggestsions > 0. Len: 20
Executing deferred Autocomplete draw. Suggestions: 20
Autocomplete: focused and suggestsions > 0. Len: 20
Executing deferred Autocomplete draw. Suggestions: 20
Autocomplete: focused and suggestsions > 0. Len: 20
Executing deferred Autocomplete draw. Suggestions: 20
Autocomplete: focused and suggestsions > 0. Len: 20
Executing deferred Autocomplete draw. Suggestions: 20
Autocomplete: focused and suggestsions > 0. Len: 20
Executing deferred Autocomplete draw. Suggestions: 20
Autocomplete: focused and suggestsions > 0. Len: 20
Executing deferred Autocomplete draw. Suggestions: 20
Autocomplete: focused and suggestsions > 0. Len: 20
Executing deferred Autocomplete draw. Suggestions: 20
Autocomplete: focused and suggestsions > 0. Len: 20
Executing deferred Autocomplete draw. Suggestions: 20
Autocomplete: focused and suggestsions > 0. Len: 20
Executing deferred Autocomplete draw. Suggestions: 20
Autocomplete: focused and suggestsions > 0. Len: 20
Executing deferred Autocomplete draw. Suggestions: 20
Autocomplete: focused and suggestsions > 0. Len: 20
Executing deferred Autocomplete draw. Suggestions: 20
Autocomplete: focused and suggestsions > 0. Len: 20
Executing deferred Autocomplete draw. Suggestions: 20
Autocomplete: focused and suggestsions > 0. Len: 20
Executing deferred Autocomplete draw. Suggestions: 20
Autocomplete: focused and suggestsions > 0. Len: 20
Executing deferred Autocomplete draw. Suggestions: 20
Autocomplete: focused and suggestsions > 0. Len: 20
Executing deferred Autocomplete draw. Suggestions: 20
Autocomplete: focused and suggestsions > 0. Len: 20
Executing deferred Autocomplete draw. Suggestions: 20
Autocomplete: focused and suggestsions > 0. Len: 20
Executing deferred Autocomplete draw. Suggestions: 20
Autocomplete: focused and suggestsions > 0. Len: 20
Executing deferred Autocomplete draw. Suggestions: 20
Autocomplete: focused and suggestsions > 0. Len: 20
Executing deferred Autocomplete draw. Suggestions: 20
Autocomplete: focused and suggestsions > 0. Len: 20
Executing deferred Autocomplete draw. Suggestions: 20
Autocomplete: focused and suggestsions > 0. Len: 20
Executing deferred Autocomplete draw. Suggestions: 20
Autocomplete: focused and suggestsions > 0. Len: 20
Executing deferred Autocomplete draw. Suggestions: 20
Autocomplete: focused and suggestsions > 0. Len: 20
Executing deferred Autocomplete draw. Suggestions: 20
Autocomplete: focused and suggestsions > 0. Len: 20
Executing deferred Autocomplete draw. Suggestions: 20
Autocomplete: focused and suggestsions > 0. Len: 20
Executing deferred Autocomplete draw. Suggestions: 20
Autocomplete: focused and suggestsions > 0. Len: 20
Executing deferred Autocomplete draw. Suggestions: 20
Autocomplete: focused and suggestsions > 0. Len: 20
Executing deferred Autocomplete draw. Suggestions: 20
Autocomplete: focused and suggestsions > 0. Len: 20
Executing deferred Autocomplete draw. Suggestions: 20
Autocomplete: focused and suggestsions > 0. Len: 20
Executing deferred Autocomplete draw. Suggestions: 20
Autocomplete: focused and suggestsions > 0. Len: 20
Executing deferred Autocomplete draw. Suggestions: 20
Autocomplete: focused and suggestsions > 0. Len: 20
Executing deferred Autocomplete draw. Suggestions: 20
Autocomplete: focused and suggestsions > 0. Len: 20
Executing deferred Autocomplete draw. Suggestions: 20
Autocomplete: focused and suggestsions > 0. Len: 20
Executing deferred Autocomplete draw. Suggestions: 20
Autocomplete: focused and suggestsions > 0. Len: 20
Executing deferred Autocomplete draw. Suggestions: 20
Autocomplete: focused and suggestsions > 0. Len: 20
Executing deferred Autocomplete draw. Suggestions: 20
Autocomplete: focused and suggestsions > 0. Len: 20
Executing deferred Autocomplete draw. Suggestions: 20
Autocomplete: focused and suggestsions > 0. Len: 20
Executing deferred Autocomplete draw. Suggestions: 20
Autocomplete: focused and suggestsions > 0. Len: 20
Executing deferred Autocomplete draw. Suggestions: 20
Autocomplete: focused and suggestsions > 0. Len: 20
Executing deferred Autocomplete draw. Suggestions: 20
Autocomplete: focused and suggestsions > 0. Len: 20
Executing deferred Autocomplete draw. Suggestions: 20
Autocomplete: focused and suggestsions > 0. Len: 20
Executing deferred Autocomplete draw. Suggestions: 20
Autocomplete: focused and suggestsions > 0. Len: 20
Executing deferred Autocomplete draw. Suggestions: 20
Autocomplete: focused and suggestsions > 0. Len: 20
Executing deferred Autocomplete draw. Suggestions: 20
Autocomplete: focused and suggestsions > 0. Len: 20
Executing deferred Autocomplete draw. Suggestions: 20
Autocomplete: focused and suggestsions > 0. Len: 20
Executing deferred Autocomplete draw. Suggestions: 20
Autocomplete: focused and suggestsions > 0. Len: 20
Executing deferred Autocomplete draw. Suggestions: 20
Autocomplete: focused and suggestsions > 0. Len: 20
Executing deferred Autocomplete draw. Suggestions: 20
Autocomplete: focused and suggestsions > 0. Len: 20
Executing deferred Autocomplete draw. Suggestions: 20
Autocomplete: focused and suggestsions > 0. Len: 20
Executing deferred Autocomplete draw. Suggestions: 20
Autocomplete: focused and suggestsions > 0. Len: 20
Executing deferred Autocomplete draw. Suggestions: 20
Autocomplete: focused and suggestsions > 0. Len: 20
Executing deferred Autocomplete draw. Suggestions: 20
Autocomplete: focused and suggestsions > 0. Len: 20
Executing deferred Autocomplete draw. Suggestions: 20
Autocomplete: focused and suggestsions > 0. Len: 20
Executing deferred Autocomplete draw. Suggestions: 20
Autocomplete: focused and suggestsions > 0. Len: 20
Executing deferred Autocomplete draw. Suggestions: 20
Autocomplete: focused and suggestsions > 0. Len: 20
Executing deferred Autocomplete draw. Suggestions: 20
Autocomplete: focused and suggestsions > 0. Len: 20
Executing deferred Autocomplete draw. Suggestions: 20
Autocomplete: focused and suggestsions > 0. Len: 20
Executing deferred Autocomplete draw. Suggestions: 20
Autocomplete: focused and suggestsions > 0. Len: 20
Executing deferred Autocomplete draw. Suggestions: 20
Autocomplete: focused and suggestsions > 0. Len: 20
Executing deferred Autocomplete draw. Suggestions: 20
Autocomplete: focused and suggestsions > 0. Len: 20
Executing deferred Autocomplete draw. Suggestions: 20
Autocomplete: focused and suggestsions > 0. Len: 20
Executing deferred Autocomplete draw. Suggestions: 20
Autocomplete: focused and suggestsions > 0. Len: 20
Executing deferred Autocomplete draw. Suggestions: 20
Autocomplete: focused and suggestsions > 0. Len: 20
Executing deferred Autocomplete draw. Suggestions: 20
Autocomplete: focused and suggestsions > 0. Len: 20
Executing deferred Autocomplete draw. Suggestions: 20
Autocomplete: focused and suggestsions > 0. Len: 20
Executing deferred Autocomplete draw. Suggestions: 20
Autocomplete: focused and suggestsions > 0. Len: 20
Executing deferred Autocomplete draw. Suggestions: 20
Autocomplete: focused and suggestsions > 0. Len: 20
Executing deferred Autocomplete draw. Suggestions: 20
Autocomplete: focused and suggestsions > 0. Len: 20
Executing deferred Autocomplete draw. Suggestions: 20
Autocomplete: focused and suggestsions > 0. Len: 20
Executing deferred Autocomplete draw. Suggestions: 20
Autocomplete: focused and suggestsions > 0. Len: 20
Executing deferred Autocomplete draw. Suggestions: 20
Autocomplete: focused and suggestsions > 0. Len: 20
Executing deferred Autocomplete draw. Suggestions: 20
Autocomplete: focused and suggestsions > 0. Len: 20
Executing deferred Autocomplete draw. Suggestions: 20
Autocomplete: focused and suggestsions > 0. Len: 20
Executing deferred Autocomplete draw. Suggestions: 20
Autocomplete: focused and suggestsions > 0. Len: 20
Executing deferred Autocomplete draw. Suggestions: 20
Autocomplete: focused and suggestsions > 0. Len: 20
Executing deferred Autocomplete draw. Suggestions: 20
Autocomplete: focused and suggestsions > 0. Len: 20
Executing deferred Autocomplete draw. Suggestions: 20
Autocomplete: focused and suggestsions > 0. Len: 20
Executing deferred Autocomplete draw. Suggestions: 20
Autocomplete: focused and suggestsions > 0. Len: 20
Executing deferred Autocomplete draw. Suggestions: 20
Autocomplete: focused and suggestsions > 0. Len: 20
Executing deferred Autocomplete draw. Suggestions: 20
Autocomplete: focused and suggestsions > 0. Len: 20
Executing deferred Autocomplete draw. Suggestions: 20
Autocomplete: focused and suggestsions > 0. Len: 20
Executing deferred Autocomplete draw. Suggestions: 20
Autocomplete: focused and suggestsions > 0. Len: 20
Executing deferred Autocomplete draw. Suggestions: 20
Autocomplete: focused and suggestsions > 0. Len: 20
Executing deferred Autocomplete draw. Suggestions: 20
Autocomplete: focused and suggestsions > 0. Len: 20
Executing deferred Autocomplete draw. Suggestions: 20
Autocomplete: focused and suggestsions > 0. Len: 20
Executing deferred Autocomplete draw. Suggestions: 20
Autocomplete: focused and suggestsions > 0. Len: 20
Executing deferred Autocomplete draw. Suggestions: 20
Autocomplete: focused and suggestsions > 0. Len: 20
Executing deferred Autocomplete draw. Suggestions: 20
Autocomplete: focused and suggestsions > 0. Len: 20
Executing deferred Autocomplete draw. Suggestions: 20
Autocomplete: focused and suggestsions > 0. Len: 20
Executing deferred Autocomplete draw. Suggestions: 20
Autocomplete: focused and suggestsions > 0. Len: 20
Executing deferred Autocomplete draw. Suggestions: 20
Autocomplete: focused and suggestsions > 0. Len: 20
Executing deferred Autocomplete draw. Suggestions: 20
Autocomplete: focused and suggestsions > 0. Len: 20
Executing deferred Autocomplete draw. Suggestions: 20
Autocomplete: focused and suggestsions > 0. Len: 20
Executing deferred Autocomplete draw. Suggestions: 20
Autocomplete: focused and suggestsions > 0. Len: 20
Executing deferred Autocomplete draw. Suggestions: 20
Autocomplete: focused and suggestsions > 0. Len: 20
Executing deferred Autocomplete draw. Suggestions: 20
Autocomplete: focused and suggestsions > 0. Len: 20
Executing deferred Autocomplete draw. Suggestions: 20
Autocomplete: focused and suggestsions > 0. Len: 20
Executing deferred Autocomplete draw. Suggestions: 20
Autocomplete: focused and suggestsions > 0. Len: 20
Executing deferred Autocomplete draw. Suggestions: 20
Autocomplete: focused and suggestsions > 0. Len: 20
Executing deferred Autocomplete draw. Suggestions: 20
Autocomplete: focused and suggestsions > 0. Len: 20
Executing deferred Autocomplete draw. Suggestions: 20
Autocomplete: focused and suggestsions > 0. Len: 20
Executing deferred Autocomplete draw. Suggestions: 20
Autocomplete: focused and suggestsions > 0. Len: 20
Executing deferred Autocomplete draw. Suggestions: 20
Autocomplete: focused and suggestsions > 0. Len: 20
Executing deferred Autocomplete draw. Suggestions: 20
Autocomplete: focused and suggestsions > 0. Len: 20
Executing deferred Autocomplete draw. Suggestions: 20
Autocomplete: focused and suggestsions > 0. Len: 20
Executing deferred Autocomplete draw. Suggestions: 20
Autocomplete: focused and suggestsions > 0. Len: 20
Executing deferred Autocomplete draw. Suggestions: 20
Autocomplete: focused and suggestsions > 0. Len: 20
Executing deferred Autocomplete draw. Suggestions: 20
Autocomplete: focused and suggestsions > 0. Len: 20
Executing deferred Autocomplete draw. Suggestions: 20
Autocomplete: focused and suggestsions > 0. Len: 20
Executing deferred Autocomplete draw. Suggestions: 20
Autocomplete: focused and suggestsions > 0. Len: 20
Executing deferred Autocomplete draw. Suggestions: 20
Autocomplete: focused and suggestsions > 0. Len: 20
Executing deferred Autocomplete draw. Suggestions: 20
Autocomplete: focused and suggestsions > 0. Len: 20
Executing deferred Autocomplete draw. Suggestions: 20
Autocomplete: focused and suggestsions > 0. Len: 20
Executing deferred Autocomplete draw. Suggestions: 20
Autocomplete: focused and suggestsions > 0. Len: 20
Executing deferred Autocomplete draw. Suggestions: 20
Autocomplete: focused and suggestsions > 0. Len: 20
Executing deferred Autocomplete draw. Suggestions: 20
Autocomplete: focused and suggestsions > 0. Len: 20
Executing deferred Autocomplete draw. Suggestions: 20
Autocomplete: focused and suggestsions > 0. Len: 20
Executing deferred Autocomplete draw. Suggestions: 20
Autocomplete: focused and suggestsions > 0. Len: 20
Executing deferred Autocomplete draw. Suggestions: 20
Autocomplete: focused and suggestsions > 0. Len: 20
Executing deferred Autocomplete draw. Suggestions: 20
Autocomplete: focused and suggestsions > 0. Len: 20
Executing deferred Autocomplete draw. Suggestions: 20
Autocomplete: focused and suggestsions > 0. Len: 20
Executing deferred Autocomplete draw. Suggestions: 20
Autocomplete: focused and suggestsions > 0. Len: 20
Executing deferred Autocomplete draw. Suggestions: 20
Autocomplete: focused and suggestsions > 0. Len: 20
Executing deferred Autocomplete draw. Suggestions: 20
Autocomplete: focused and suggestsions > 0. Len: 20
Executing deferred Autocomplete draw. Suggestions: 20
Autocomplete: focused and suggestsions > 0. Len: 20
Executing deferred Autocomplete draw. Suggestions: 20
Autocomplete: focused and suggestsions > 0. Len: 20
Executing deferred Autocomplete draw. Suggestions: 20
Autocomplete: focused and suggestsions > 0. Len: 20
Executing deferred Autocomplete draw. Suggestions: 20
Autocomplete: focused and suggestsions > 0. Len: 20
Executing deferred Autocomplete draw. Suggestions: 20
Autocomplete: focused and suggestsions > 0. Len: 20
Executing deferred Autocomplete draw. Suggestions: 20
Autocomplete: focused and suggestsions > 0. Len: 20
Executing deferred Autocomplete draw. Suggestions: 20
Autocomplete: focused and suggestsions > 0. Len: 20
Executing deferred Autocomplete draw. Suggestions: 20
Autocomplete: focused and suggestsions > 0. Len: 20
Executing deferred Autocomplete draw. Suggestions: 20
Autocomplete: focused and suggestsions > 0. Len: 20
Executing deferred Autocomplete draw. Suggestions: 20
Autocomplete: focused and suggestsions > 0. Len: 20
Executing deferred Autocomplete draw. Suggestions: 20
Autocomplete: focused and suggestsions > 0. Len: 20
Executing deferred Autocomplete draw. Suggestions: 20
Autocomplete: focused and suggestsions > 0. Len: 20
Executing deferred Autocomplete draw. Suggestions: 20
Autocomplete: focused and suggestsions > 0. Len: 20
Executing deferred Autocomplete draw. Suggestions: 20
Autocomplete: focused and suggestsions > 0. Len: 20
Executing deferred Autocomplete draw. Suggestions: 20
Autocomplete: focused and suggestsions > 0. Len: 20
Executing deferred Autocomplete draw. Suggestions: 20
Autocomplete: focused and suggestsions > 0. Len: 20
Executing deferred Autocomplete draw. Suggestions: 20
Autocomplete: focused and suggestsions > 0. Len: 20
Executing deferred Autocomplete draw. Suggestions: 20
Autocomplete: focused and suggestsions > 0. Len: 20
Executing deferred Autocomplete draw. Suggestions: 20
Autocomplete: focused and suggestsions > 0. Len: 20
Executing deferred Autocomplete draw. Suggestions: 20
Autocomplete: focused and suggestsions > 0. Len: 20
Executing deferred Autocomplete draw. Suggestions: 20
Autocomplete: focused and suggestsions > 0. Len: 20
Executing deferred Autocomplete draw. Suggestions: 20
Autocomplete: focused and suggestsions > 0. Len: 20
Executing deferred Autocomplete draw. Suggestions: 20
Autocomplete: focused and suggestsions > 0. Len: 20
Executing deferred Autocomplete draw. Suggestions: 20
Autocomplete: focused and suggestsions > 0. Len: 20
Executing deferred Autocomplete draw. Suggestions: 20
Autocomplete: focused and suggestsions > 0. Len: 20
Executing deferred Autocomplete draw. Suggestions: 20
Autocomplete: focused and suggestsions > 0. Len: 20
Executing deferred Autocomplete draw. Suggestions: 20
Autocomplete: focused and suggestsions > 0. Len: 20
Executing deferred Autocomplete draw. Suggestions: 20
Autocomplete: focused and suggestsions > 0. Len: 20
Executing deferred Autocomplete draw. Suggestions: 20
Autocomplete: focused and suggestsions > 0. Len: 20
Executing deferred Autocomplete draw. Suggestions: 20
Autocomplete: focused and suggestsions > 0. Len: 20
Executing deferred Autocomplete draw. Suggestions: 20
Autocomplete: focused and suggestsions > 0. Len: 20
Executing deferred Autocomplete draw. Suggestions: 20
Autocomplete: focused and suggestsions > 0. Len: 20
Executing deferred Autocomplete draw. Suggestions: 20
Autocomplete: focused and suggestsions > 0. Len: 20
Executing deferred Autocomplete draw. Suggestions: 20
Autocomplete: focused and suggestsions > 0. Len: 20
Executing deferred Autocomplete draw. Suggestions: 20
Autocomplete: focused and suggestsions > 0. Len: 20
Executing deferred Autocomplete draw. Suggestions: 20
Autocomplete: focused and suggestsions > 0. Len: 20
Executing deferred Autocomplete draw. Suggestions: 20
Autocomplete: focused and suggestsions > 0. Len: 20
Executing deferred Autocomplete draw. Suggestions: 20
Autocomplete: focused and suggestsions > 0. Len: 20
Executing deferred Autocomplete draw. Suggestions: 20
Autocomplete: focused and suggestsions > 0. Len: 20
Executing deferred Autocomplete draw. Suggestions: 20
Autocomplete: focused and suggestsions > 0. Len: 20
Executing deferred Autocomplete draw. Suggestions: 20
Autocomplete: focused and suggestsions > 0. Len: 20
Executing deferred Autocomplete draw. Suggestions: 20
Autocomplete: focused and suggestsions > 0. Len: 20
Executing deferred Autocomplete draw. Suggestions: 20
Autocomplete: focused and suggestsions > 0. Len: 20
Executing deferred Autocomplete draw. Suggestions: 20
Autocomplete: focused and suggestsions > 0. Len: 20
Executing deferred Autocomplete draw. Suggestions: 20
Autocomplete: focused and suggestsions > 0. Len: 20
Executing deferred Autocomplete draw. Suggestions: 20
Autocomplete: focused and suggestsions > 0. Len: 20
Executing deferred Autocomplete draw. Suggestions: 20
Autocomplete: focused and suggestsions > 0. Len: 20
Executing deferred Autocomplete draw. Suggestions: 20
Autocomplete: focused and suggestsions > 0. Len: 20
Executing deferred Autocomplete draw. Suggestions: 20
Autocomplete: focused and suggestsions > 0. Len: 20
Executing deferred Autocomplete draw. Suggestions: 20
Autocomplete: focused and suggestsions > 0. Len: 20
Executing deferred Autocomplete draw. Suggestions: 20
Autocomplete: focused and suggestsions > 0. Len: 20
Executing deferred Autocomplete draw. Suggestions: 20
Autocomplete: focused and suggestsions > 0. Len: 20
Executing deferred Autocomplete draw. Suggestions: 20
Autocomplete: focused and suggestsions > 0. Len: 20
Executing deferred Autocomplete draw. Suggestions: 20
Autocomplete: focused and suggestsions > 0. Len: 20
Executing deferred Autocomplete draw. Suggestions: 20
Autocomplete: focused and suggestsions > 0. Len: 20
Executing deferred Autocomplete draw. Suggestions: 20
Autocomplete: focused and suggestsions > 0. Len: 20
Executing deferred Autocomplete draw. Suggestions: 20
Autocomplete: focused and suggestsions > 0. Len: 20
Executing deferred Autocomplete draw. Suggestions: 20
Autocomplete: focused and suggestsions > 0. Len: 20
Executing deferred Autocomplete draw. Suggestions: 20
Autocomplete: focused and suggestsions > 0. Len: 20
Executing deferred Autocomplete draw. Suggestions: 20
Autocomplete: focused and suggestsions > 0. Len: 20
Executing deferred Autocomplete draw. Suggestions: 20
Autocomplete: focused and suggestsions > 0. Len: 20
Executing deferred Autocomplete draw. Suggestions: 20
Autocomplete: focused and suggestsions > 0. Len: 20
Executing deferred Autocomplete draw. Suggestions: 20
Autocomplete: focused and suggestsions > 0. Len: 20
Executing deferred Autocomplete draw. Suggestions: 20
Autocomplete: focused and suggestsions > 0. Len: 20
Executing deferred Autocomplete draw. Suggestions: 20
Autocomplete: focused and suggestsions > 0. Len: 20
Executing deferred Autocomplete draw. Suggestions: 20
Autocomplete: focused and suggestsions > 0. Len: 20
Executing deferred Autocomplete draw. Suggestions: 20
Autocomplete: focused and suggestsions > 0. Len: 20
Executing deferred Autocomplete draw. Suggestions: 20
Autocomplete: focused and suggestsions > 0. Len: 20
Executing deferred Autocomplete draw. Suggestions: 20
Autocomplete: focused and suggestsions > 0. Len: 20
Executing deferred Autocomplete draw. Suggestions: 20
Autocomplete: focused and suggestsions > 0. Len: 20
Executing deferred Autocomplete draw. Suggestions: 20
Autocomplete: focused and suggestsions > 0. Len: 20
Executing deferred Autocomplete draw. Suggestions: 20
Autocomplete: focused and suggestsions > 0. Len: 20
Executing deferred Autocomplete draw. Suggestions: 20
Autocomplete: focused and suggestsions > 0. Len: 20
Executing deferred Autocomplete draw. Suggestions: 20
Autocomplete: focused and suggestsions > 0. Len: 20
Executing deferred Autocomplete draw. Suggestions: 20
Autocomplete: focused and suggestsions > 0. Len: 20
Executing deferred Autocomplete draw. Suggestions: 20
Autocomplete: focused and suggestsions > 0. Len: 20
Executing deferred Autocomplete draw. Suggestions: 20
Autocomplete: focused and suggestsions > 0. Len: 20
Executing deferred Autocomplete draw. Suggestions: 20
Autocomplete: focused and suggestsions > 0. Len: 20
Executing deferred Autocomplete draw. Suggestions: 20
Autocomplete: focused and suggestsions > 0. Len: 20
Executing deferred Autocomplete draw. Suggestions: 20
Autocomplete: focused and suggestsions > 0. Len: 20
Executing deferred Autocomplete draw. Suggestions: 20
Autocomplete: focused and suggestsions > 0. Len: 20
Executing deferred Autocomplete draw. Suggestions: 20
Autocomplete: focused and suggestsions > 0. Len: 20
Executing deferred Autocomplete draw. Suggestions: 20
Autocomplete: focused and suggestsions > 0. Len: 20
Executing deferred Autocomplete draw. Suggestions: 20
Autocomplete: focused and suggestsions > 0. Len: 20
Executing deferred Autocomplete draw. Suggestions: 20
Autocomplete: focused and suggestsions > 0. Len: 20
Executing deferred Autocomplete draw. Suggestions: 20
Autocomplete: focused and suggestsions > 0. Len: 20
Executing deferred Autocomplete draw. Suggestions: 20
Autocomplete: focused and suggestsions > 0. Len: 20
Executing deferred Autocomplete draw. Suggestions: 20
Autocomplete: focused and suggestsions > 0. Len: 20
Executing deferred Autocomplete draw. Suggestions: 20
Autocomplete: focused and suggestsions > 0. Len: 20
Executing deferred Autocomplete draw. Suggestions: 20
Autocomplete: focused and suggestsions > 0. Len: 20
Executing deferred Autocomplete draw. Suggestions: 20
Autocomplete: focused and suggestsions > 0. Len: 20
Executing deferred Autocomplete draw. Suggestions: 20
Autocomplete: focused and suggestsions > 0. Len: 20
Executing deferred Autocomplete draw. Suggestions: 20
Autocomplete: focused and suggestsions > 0. Len: 20
Executing deferred Autocomplete draw. Suggestions: 20
Autocomplete: focused and suggestsions > 0. Len: 20
Executing deferred Autocomplete draw. Suggestions: 20
Autocomplete: focused and suggestsions > 0. Len: 20
Executing deferred Autocomplete draw. Suggestions: 20
Autocomplete: focused and suggestsions > 0. Len: 20
Executing deferred Autocomplete draw. Suggestions: 20
Autocomplete: focused and suggestsions > 0. Len: 20
Executing deferred Autocomplete draw. Suggestions: 20
Autocomplete: focused and suggestsions > 0. Len: 20
Executing deferred Autocomplete draw. Suggestions: 20
Autocomplete: focused and suggestsions > 0. Len: 20
Executing deferred Autocomplete draw. Suggestions: 20
Autocomplete: focused and suggestsions > 0. Len: 20
Executing deferred Autocomplete draw. Suggestions: 20
Autocomplete: focused and suggestsions > 0. Len: 20
Executing deferred Autocomplete draw. Suggestions: 20
Autocomplete: focused and suggestsions > 0. Len: 20
Executing deferred Autocomplete draw. Suggestions: 20
Autocomplete: focused and suggestsions > 0. Len: 20
Executing deferred Autocomplete draw. Suggestions: 20
Autocomplete: focused and suggestsions > 0. Len: 20
Executing deferred Autocomplete draw. Suggestions: 20
Autocomplete: focused and suggestsions > 0. Len: 20
Executing deferred Autocomplete draw. Suggestions: 20
Autocomplete: focused and suggestsions > 0. Len: 20
Executing deferred Autocomplete draw. Suggestions: 20
Autocomplete: focused and suggestsions > 0. Len: 20
Executing deferred Autocomplete draw. Suggestions: 20
Autocomplete: focused and suggestsions > 0. Len: 20
Executing deferred Autocomplete draw. Suggestions: 20
Autocomplete: focused and suggestsions > 0. Len: 20
Executing deferred Autocomplete draw. Suggestions: 20
Autocomplete: focused and suggestsions > 0. Len: 20
Executing deferred Autocomplete draw. Suggestions: 20
Autocomplete: focused and suggestsions > 0. Len: 20
Executing deferred Autocomplete draw. Suggestions: 20
Autocomplete: focused and suggestsions > 0. Len: 20
Executing deferred Autocomplete draw. Suggestions: 20
Autocomplete: focused and suggestsions > 0. Len: 20
Executing deferred Autocomplete draw. Suggestions: 20
Autocomplete: focused and suggestsions > 0. Len: 20
Executing deferred Autocomplete draw. Suggestions: 20
Autocomplete: focused and suggestsions > 0. Len: 20
Executing deferred Autocomplete draw. Suggestions: 20
Autocomplete: focused and suggestsions > 0. Len: 20
Executing deferred Autocomplete draw. Suggestions: 20
Autocomplete: focused and suggestsions > 0. Len: 20
Executing deferred Autocomplete draw. Suggestions: 20
Autocomplete: focused and suggestsions > 0. Len: 20
Executing deferred Autocomplete draw. Suggestions: 20
Autocomplete: focused and suggestsions > 0. Len: 20
Executing deferred Autocomplete draw. Suggestions: 20
Autocomplete: focused and suggestsions > 0. Len: 20
Executing deferred Autocomplete draw. Suggestions: 20
Autocomplete: focused and suggestsions > 0. Len: 20
Executing deferred Autocomplete draw. Suggestions: 20
Autocomplete: focused and suggestsions > 0. Len: 20
Executing deferred Autocomplete draw. Suggestions: 20
Autocomplete: focused and suggestsions > 0. Len: 20
Executing deferred Autocomplete draw. Suggestions: 20
Autocomplete: focused and suggestsions > 0. Len: 20
Executing deferred Autocomplete draw. Suggestions: 20
Autocomplete: focused and suggestsions > 0. Len: 20
Executing deferred Autocomplete draw. Suggestions: 20
Autocomplete: focused and suggestsions > 0. Len: 20
Executing deferred Autocomplete draw. Suggestions: 20
Autocomplete: focused and suggestsions > 0. Len: 20
Executing deferred Autocomplete draw. Suggestions: 20
Autocomplete: focused and suggestsions > 0. Len: 20
Executing deferred Autocomplete draw. Suggestions: 20
Autocomplete: focused and suggestsions > 0. Len: 20
Executing deferred Autocomplete draw. Suggestions: 20
Autocomplete: focused and suggestsions > 0. Len: 20
Executing deferred Autocomplete draw. Suggestions: 20
Autocomplete: focused and suggestsions > 0. Len: 20
Executing deferred Autocomplete draw. Suggestions: 20
Autocomplete: focused and suggestsions > 0. Len: 20
Executing deferred Autocomplete draw. Suggestions: 20
Autocomplete: focused and suggestsions > 0. Len: 20
Executing deferred Autocomplete draw. Suggestions: 20
Autocomplete: focused and suggestsions > 0. Len: 20
Executing deferred Autocomplete draw. Suggestions: 20
Autocomplete: focused and suggestsions > 0. Len: 20
Executing deferred Autocomplete draw. Suggestions: 20
Autocomplete: focused and suggestsions > 0. Len: 20
Executing deferred Autocomplete draw. Suggestions: 20
Autocomplete: focused and suggestsions > 0. Len: 20
Executing deferred Autocomplete draw. Suggestions: 20
Autocomplete: focused and suggestsions > 0. Len: 20
Executing deferred Autocomplete draw. Suggestions: 20
Autocomplete: focused and suggestsions > 0. Len: 20
Executing deferred Autocomplete draw. Suggestions: 20
Autocomplete: focused and suggestsions > 0. Len: 20
Executing deferred Autocomplete draw. Suggestions: 20
Autocomplete: focused and suggestsions > 0. Len: 20
Executing deferred Autocomplete draw. Suggestions: 20
Autocomplete: focused and suggestsions > 0. Len: 20
Executing deferred Autocomplete draw. Suggestions: 20
Autocomplete: focused and suggestsions > 0. Len: 20
Executing deferred Autocomplete draw. Suggestions: 20
Autocomplete: focused and suggestsions > 0. Len: 20
Executing deferred Autocomplete draw. Suggestions: 20
Autocomplete: focused and suggestsions > 0. Len: 20
Executing deferred Autocomplete draw. Suggestions: 20
Autocomplete: focused and suggestsions > 0. Len: 20
Executing deferred Autocomplete draw. Suggestions: 20
Autocomplete: focused and suggestsions > 0. Len: 20
Executing deferred Autocomplete draw. Suggestions: 20
Autocomplete: focused and suggestsions > 0. Len: 20
Executing deferred Autocomplete draw. Suggestions: 20
Autocomplete: focused and suggestsions > 0. Len: 20
Executing deferred Autocomplete draw. Suggestions: 20
Autocomplete: focused and suggestsions > 0. Len: 20
Executing deferred Autocomplete draw. Suggestions: 20
Autocomplete: focused and suggestsions > 0. Len: 20
Executing deferred Autocomplete draw. Suggestions: 20
Autocomplete: focused and suggestsions > 0. Len: 20
Executing deferred Autocomplete draw. Suggestions: 20
Autocomplete: focused and suggestsions > 0. Len: 20
Executing deferred Autocomplete draw. Suggestions: 20
Autocomplete: focused and suggestsions > 0. Len: 20
Executing deferred Autocomplete draw. Suggestions: 20
Autocomplete: focused and suggestsions > 0. Len: 20
Executing deferred Autocomplete draw. Suggestions: 20
Autocomplete: focused and suggestsions > 0. Len: 20
Executing deferred Autocomplete draw. Suggestions: 20
Autocomplete: focused and suggestsions > 0. Len: 20
Executing deferred Autocomplete draw. Suggestions: 20
Autocomplete: focused and suggestsions > 0. Len: 20
Executing deferred Autocomplete draw. Suggestions: 20
Autocomplete: focused and suggestsions > 0. Len: 20
Executing deferred Autocomplete draw. Suggestions: 20
Autocomplete: focused and suggestsions > 0. Len: 20
Executing deferred Autocomplete draw. Suggestions: 20
Autocomplete: focused and suggestsions > 0. Len: 20
Executing deferred Autocomplete draw. Suggestions: 20
Autocomplete: focused and suggestsions > 0. Len: 20
Executing deferred Autocomplete draw. Suggestions: 20
Autocomplete: focused and suggestsions > 0. Len: 20
Executing deferred Autocomplete draw. Suggestions: 20
Autocomplete: focused and suggestsions > 0. Len: 20
Executing deferred Autocomplete draw. Suggestions: 20
Autocomplete: focused and suggestsions > 0. Len: 20
Executing deferred Autocomplete draw. Suggestions: 20
Autocomplete: focused and suggestsions > 0. Len: 20
Executing deferred Autocomplete draw. Suggestions: 20
Autocomplete: focused and suggestsions > 0. Len: 20
Executing deferred Autocomplete draw. Suggestions: 20
Autocomplete: focused and suggestsions > 0. Len: 20
Executing deferred Autocomplete draw. Suggestions: 20
Autocomplete: focused and suggestsions > 0. Len: 20
Executing deferred Autocomplete draw. Suggestions: 20
Autocomplete: focused and suggestsions > 0. Len: 20
Executing deferred Autocomplete draw. Suggestions: 20
Autocomplete: focused and suggestsions > 0. Len: 20
Executing deferred Autocomplete draw. Suggestions: 20
Autocomplete: focused and suggestsions > 0. Len: 20
Executing deferred Autocomplete draw. Suggestions: 20
Autocomplete: focused and suggestsions > 0. Len: 20
Executing deferred Autocomplete draw. Suggestions: 20
Autocomplete: focused and suggestsions > 0. Len: 20
Executing deferred Autocomplete draw. Suggestions: 20
Autocomplete: focused and suggestsions > 0. Len: 20
Executing deferred Autocomplete draw. Suggestions: 20
Autocomplete: focused and suggestsions > 0. Len: 20
Executing deferred Autocomplete draw. Suggestions: 20
Autocomplete: focused and suggestsions > 0. Len: 20
Executing deferred Autocomplete draw. Suggestions: 20
Autocomplete: focused and suggestsions > 0. Len: 20
Executing deferred Autocomplete draw. Suggestions: 20
Autocomplete: focused and suggestsions > 0. Len: 20
Executing deferred Autocomplete draw. Suggestions: 20
Autocomplete: focused and suggestsions > 0. Len: 20
Executing deferred Autocomplete draw. Suggestions: 20
Autocomplete: focused and suggestsions > 0. Len: 20
Executing deferred Autocomplete draw. Suggestions: 20
Autocomplete: focused and suggestsions > 0. Len: 20
Executing deferred Autocomplete draw. Suggestions: 20
Autocomplete: focused and suggestsions > 0. Len: 20
Executing deferred Autocomplete draw. Suggestions: 20
Autocomplete: focused and suggestsions > 0. Len: 20
Executing deferred Autocomplete draw. Suggestions: 20
Autocomplete: focused and suggestsions > 0. Len: 20
Executing deferred Autocomplete draw. Suggestions: 20
Autocomplete: focused and suggestsions > 0. Len: 20
Executing deferred Autocomplete draw. Suggestions: 20
Autocomplete: focused and suggestsions > 0. Len: 20
Executing deferred Autocomplete draw. Suggestions: 20
Autocomplete: focused and suggestsions > 0. Len: 20
Executing deferred Autocomplete draw. Suggestions: 20
Autocomplete: focused and suggestsions > 0. Len: 20
Executing deferred Autocomplete draw. Suggestions: 20
Autocomplete: focused and suggestsions > 0. Len: 20
Executing deferred Autocomplete draw. Suggestions: 20
Autocomplete: focused and suggestsions > 0. Len: 20
Executing deferred Autocomplete draw. Suggestions: 20
Autocomplete: focused and suggestsions > 0. Len: 20
Executing deferred Autocomplete draw. Suggestions: 20
Autocomplete: focused and suggestsions > 0. Len: 20
Executing deferred Autocomplete draw. Suggestions: 20
Autocomplete: focused and suggestsions > 0. Len: 20
Executing deferred Autocomplete draw. Suggestions: 20
Autocomplete: focused and suggestsions > 0. Len: 20
Executing deferred Autocomplete draw. Suggestions: 20
Autocomplete: focused and suggestsions > 0. Len: 20
Executing deferred Autocomplete draw. Suggestions: 20
Autocomplete: focused and suggestsions > 0. Len: 20
Executing deferred Autocomplete draw. Suggestions: 20
Autocomplete: focused and suggestsions > 0. Len: 20
Executing deferred Autocomplete draw. Suggestions: 20
Autocomplete: focused and suggestsions > 0. Len: 20
Executing deferred Autocomplete draw. Suggestions: 20
Autocomplete: focused and suggestsions > 0. Len: 20
Executing deferred Autocomplete draw. Suggestions: 20
Autocomplete: focused and suggestsions > 0. Len: 20
Executing deferred Autocomplete draw. Suggestions: 20
Autocomplete: focused and suggestsions > 0. Len: 20
Executing deferred Autocomplete draw. Suggestions: 20
Autocomplete: focused and suggestsions > 0. Len: 20
Executing deferred Autocomplete draw. Suggestions: 20
Autocomplete: focused and suggestsions > 0. Len: 20
Executing deferred Autocomplete draw. Suggestions: 20
Autocomplete: focused and suggestsions > 0. Len: 20
Executing deferred Autocomplete draw. Suggestions: 20
Autocomplete: focused and suggestsions > 0. Len: 20
Executing deferred Autocomplete draw. Suggestions: 20
Autocomplete: focused and suggestsions > 0. Len: 20
Executing deferred Autocomplete draw. Suggestions: 20
Autocomplete: focused and suggestsions > 0. Len: 20
Executing deferred Autocomplete draw. Suggestions: 20
Autocomplete: focused and suggestsions > 0. Len: 20
Executing deferred Autocomplete draw. Suggestions: 20
Autocomplete: focused and suggestsions > 0. Len: 20
Executing deferred Autocomplete draw. Suggestions: 20
Autocomplete: focused and suggestsions > 0. Len: 20
Executing deferred Autocomplete draw. Suggestions: 20
Autocomplete: focused and suggestsions > 0. Len: 20
Executing deferred Autocomplete draw. Suggestions: 20
Autocomplete: focused and suggestsions > 0. Len: 20
Executing deferred Autocomplete draw. Suggestions: 20
Autocomplete: focused and suggestsions > 0. Len: 20
Executing deferred Autocomplete draw. Suggestions: 20
Autocomplete: focused and suggestsions > 0. Len: 20
Executing deferred Autocomplete draw. Suggestions: 20
Autocomplete: focused and suggestsions > 0. Len: 20
Executing deferred Autocomplete draw. Suggestions: 20
Autocomplete: focused and suggestsions > 0. Len: 20
Executing deferred Autocomplete draw. Suggestions: 20
Autocomplete: focused and suggestsions > 0. Len: 20
Executing deferred Autocomplete draw. Suggestions: 20
Autocomplete: focused and suggestsions > 0. Len: 20
Executing deferred Autocomplete draw. Suggestions: 20
Autocomplete: focused and suggestsions > 0. Len: 20
Executing deferred Autocomplete draw. Suggestions: 20
Autocomplete: focused and suggestsions > 0. Len: 20
Executing deferred Autocomplete draw. Suggestions: 20
Autocomplete: focused and suggestsions > 0. Len: 20
Executing deferred Autocomplete draw. Suggestions: 20
Autocomplete: focused and suggestsions > 0. Len: 20
Executing deferred Autocomplete draw. Suggestions: 20
Autocomplete: focused and suggestsions > 0. Len: 20
Executing deferred Autocomplete draw. Suggestions: 20
Autocomplete: focused and suggestsions > 0. Len: 20
Executing deferred Autocomplete draw. Suggestions: 20
Autocomplete: focused and suggestsions > 0. Len: 20
Executing deferred Autocomplete draw. Suggestions: 20
Autocomplete: focused and suggestsions > 0. Len: 20
Executing deferred Autocomplete draw. Suggestions: 20
Autocomplete: focused and suggestsions > 0. Len: 20
Executing deferred Autocomplete draw. Suggestions: 20
Autocomplete: focused and suggestsions > 0. Len: 20
Executing deferred Autocomplete draw. Suggestions: 20
Autocomplete: focused and suggestsions > 0. Len: 20
Executing deferred Autocomplete draw. Suggestions: 20
Autocomplete: focused and suggestsions > 0. Len: 20
Executing deferred Autocomplete draw. Suggestions: 20
Autocomplete: focused and suggestsions > 0. Len: 20
Executing deferred Autocomplete draw. Suggestions: 20
Autocomplete: focused and suggestsions > 0. Len: 20
Executing deferred Autocomplete draw. Suggestions: 20
Autocomplete: focused and suggestsions > 0. Len: 20
Executing deferred Autocomplete draw. Suggestions: 20
Autocomplete: focused and suggestsions > 0. Len: 20
Executing deferred Autocomplete draw. Suggestions: 20
Autocomplete: focused and suggestsions > 0. Len: 20
Executing deferred Autocomplete draw. Suggestions: 20
Autocomplete: focused and suggestsions > 0. Len: 20
Executing deferred Autocomplete draw. Suggestions: 20
Autocomplete: focused and suggestsions > 0. Len: 20
Executing deferred Autocomplete draw. Suggestions: 20
Autocomplete: focused and suggestsions > 0. Len: 20
Executing deferred Autocomplete draw. Suggestions: 20
Autocomplete: focused and suggestsions > 0. Len: 20
Executing deferred Autocomplete draw. Suggestions: 20
Autocomplete: focused and suggestsions > 0. Len: 20
Executing deferred Autocomplete draw. Suggestions: 20
Autocomplete: focused and suggestsions > 0. Len: 20
Executing deferred Autocomplete draw. Suggestions: 20
Autocomplete: focused and suggestsions > 0. Len: 20
Executing deferred Autocomplete draw. Suggestions: 20
Autocomplete: focused and suggestsions > 0. Len: 20
Executing deferred Autocomplete draw. Suggestions: 20
Autocomplete: focused and suggestsions > 0. Len: 20
Executing deferred Autocomplete draw. Suggestions: 20
Autocomplete: focused and suggestsions > 0. Len: 20
Executing deferred Autocomplete draw. Suggestions: 20
Autocomplete: focused and suggestsions > 0. Len: 20
Executing deferred Autocomplete draw. Suggestions: 20
Autocomplete: focused and suggestsions > 0. Len: 20
Executing deferred Autocomplete draw. Suggestions: 20
Autocomplete: focused and suggestsions > 0. Len: 20
Executing deferred Autocomplete draw. Suggestions: 20
Autocomplete: focused and suggestsions > 0. Len: 20
Executing deferred Autocomplete draw. Suggestions: 20
Autocomplete: focused and suggestsions > 0. Len: 20
Executing deferred Autocomplete draw. Suggestions: 20
Autocomplete: focused and suggestsions > 0. Len: 20
Executing deferred Autocomplete draw. Suggestions: 20
Autocomplete: focused and suggestsions > 0. Len: 20
Executing deferred Autocomplete draw. Suggestions: 20
Autocomplete: focused and suggestsions > 0. Len: 20
Executing deferred Autocomplete draw. Suggestions: 20
Autocomplete: focused and suggestsions > 0. Len: 20
Executing deferred Autocomplete draw. Suggestions: 20
Autocomplete: focused and suggestsions > 0. Len: 20
Executing deferred Autocomplete draw. Suggestions: 20
Autocomplete: focused and suggestsions > 0. Len: 20
Executing deferred Autocomplete draw. Suggestions: 20
Autocomplete: focused and suggestsions > 0. Len: 20
Executing deferred Autocomplete draw. Suggestions: 20
Autocomplete: focused and suggestsions > 0. Len: 20
Executing deferred Autocomplete draw. Suggestions: 20
Autocomplete: focused and suggestsions > 0. Len: 20
Executing deferred Autocomplete draw. Suggestions: 20
Autocomplete: focused and suggestsions > 0. Len: 20
Executing deferred Autocomplete draw. Suggestions: 20
Autocomplete: focused and suggestsions > 0. Len: 20
Executing deferred Autocomplete draw. Suggestions: 20
Autocomplete: focused and suggestsions > 0. Len: 20
Executing deferred Autocomplete draw. Suggestions: 20
Autocomplete: focused and suggestsions > 0. Len: 20
Executing deferred Autocomplete draw. Suggestions: 20
Autocomplete: focused and suggestsions > 0. Len: 20
Executing deferred Autocomplete draw. Suggestions: 20
Autocomplete: focused and suggestsions > 0. Len: 20
Executing deferred Autocomplete draw. Suggestions: 20
Autocomplete: focused and suggestsions > 0. Len: 20
Executing deferred Autocomplete draw. Suggestions: 20
Autocomplete: focused and suggestsions > 0. Len: 20
Executing deferred Autocomplete draw. Suggestions: 20
Autocomplete: focused and suggestsions > 0. Len: 20
Executing deferred Autocomplete draw. Suggestions: 20
Autocomplete: focused and suggestsions > 0. Len: 20
Executing deferred Autocomplete draw. Suggestions: 20
Autocomplete: focused and suggestsions > 0. Len: 20
Executing deferred Autocomplete draw. Suggestions: 20
Autocomplete: focused and suggestsions > 0. Len: 20
Executing deferred Autocomplete draw. Suggestions: 20
Autocomplete: focused and suggestsions > 0. Len: 20
Executing deferred Autocomplete draw. Suggestions: 20
Autocomplete: focused and suggestsions > 0. Len: 20
Executing deferred Autocomplete draw. Suggestions: 20
Autocomplete: focused and suggestsions > 0. Len: 20
Executing deferred Autocomplete draw. Suggestions: 20
Autocomplete: focused and suggestsions > 0. Len: 20
Executing deferred Autocomplete draw. Suggestions: 20
Autocomplete: focused and suggestsions > 0. Len: 20
Executing deferred Autocomplete draw. Suggestions: 20
Autocomplete: focused and suggestsions > 0. Len: 20
Executing deferred Autocomplete draw. Suggestions: 20
Autocomplete: focused and suggestsions > 0. Len: 20
Executing deferred Autocomplete draw. Suggestions: 20
Autocomplete: focused and suggestsions > 0. Len: 20
Executing deferred Autocomplete draw. Suggestions: 20
Autocomplete: focused and suggestsions > 0. Len: 20
Executing deferred Autocomplete draw. Suggestions: 20
Autocomplete: focused and suggestsions > 0. Len: 20
Executing deferred Autocomplete draw. Suggestions: 20
Autocomplete: focused and suggestsions > 0. Len: 20
Executing deferred Autocomplete draw. Suggestions: 20
Autocomplete: focused and suggestsions > 0. Len: 20
Executing deferred Autocomplete draw. Suggestions: 20
Autocomplete: focused and suggestsions > 0. Len: 20
Executing deferred Autocomplete draw. Suggestions: 20
[2026-01-03T14:00:53Z ERROR wgpu::backend::wgpu_core] Handling wgpu errors as fatal by default

thread 'main' (99338) panicked at /home/karl/.cargo/registry/src/index.crates.io-1949cf8c6b5b557f/wgpu-0.20.1/src/backend/wgpu_core.rs:2996:5:
wgpu error: Validation Error

Caused by:
    In a RenderPass
      note: encoder = `GloomyEncoder`
    In a draw command, indexed:false indirect:false
      note: render pipeline = `GloomyPrimitivePipeline`
    Instance 1026 extends beyond limit 1024 imposed by the buffer in slot 0. Did you bind the correct `Instance` step-rate vertex buffer?


note: run with `RUST_BACKTRACE=1` environment variable to display a backtrace

thread 'main' (99338) panicked at /home/karl/.cargo/registry/src/index.crates.io-1949cf8c6b5b557f/wgpu-hal-0.21.1/src/vulkan/instance.rs:186:58:
Trying to destroy a SurfaceSemaphores that is still in use by a SurfaceTexture
stack backtrace:
   0:     0x5648c13774a2 - std::backtrace_rs::backtrace::libunwind::trace::hd57362190422746d
                               at /rustc/ded5c06cf21d2b93bffd5d884aa6e96934ee4234/library/std/src/../../backtrace/src/backtrace/libunwind.rs:117:9
   1:     0x5648c13774a2 - std::backtrace_rs::backtrace::trace_unsynchronized::he61be86f5e8dfc7b
                               at /rustc/ded5c06cf21d2b93bffd5d884aa6e96934ee4234/library/std/src/../../backtrace/src/backtrace/mod.rs:66:14
   2:     0x5648c13774a2 - std::sys::backtrace::_print_fmt::hd233ea33e70c29e2
                               at /rustc/ded5c06cf21d2b93bffd5d884aa6e96934ee4234/library/std/src/sys/backtrace.rs:66:9
   3:     0x5648c13774a2 - <std::sys::backtrace::BacktraceLock::print::DisplayBacktrace as core::fmt::Display>::fmt::h718e2d17a1928e63
                               at /rustc/ded5c06cf21d2b93bffd5d884aa6e96934ee4234/library/std/src/sys/backtrace.rs:39:26
   4:     0x5648c138a99f - core::fmt::rt::Argument::fmt::hdeda3281325c4830
                               at /rustc/ded5c06cf21d2b93bffd5d884aa6e96934ee4234/library/core/src/fmt/rt.rs:173:76
   5:     0x5648c138a99f - core::fmt::write::h1d2246b072ea91eb
                               at /rustc/ded5c06cf21d2b93bffd5d884aa6e96934ee4234/library/core/src/fmt/mod.rs:1469:25
   6:     0x5648c1344d13 - std::io::default_write_fmt::h4ebfe695aebd90ac
                               at /rustc/ded5c06cf21d2b93bffd5d884aa6e96934ee4234/library/std/src/io/mod.rs:639:11
   7:     0x5648c1344d13 - std::io::Write::write_fmt::haf55272405c09d9b
                               at /rustc/ded5c06cf21d2b93bffd5d884aa6e96934ee4234/library/std/src/io/mod.rs:1954:13
   8:     0x5648c1350db2 - std::sys::backtrace::BacktraceLock::print::h61c3bd81a9458a03
                               at /rustc/ded5c06cf21d2b93bffd5d884aa6e96934ee4234/library/std/src/sys/backtrace.rs:42:9
   9:     0x5648c13567df - std::panicking::default_hook::{{closure}}::haf1ffb5d1e33a97f
                               at /rustc/ded5c06cf21d2b93bffd5d884aa6e96934ee4234/library/std/src/panicking.rs:301:27
  10:     0x5648c1356639 - std::panicking::default_hook::hc32245deb6eaa988
                               at /rustc/ded5c06cf21d2b93bffd5d884aa6e96934ee4234/library/std/src/panicking.rs:328:9
  11:     0x5648c1356db5 - std::panicking::panic_with_hook::h43adc00fd0e494cb
                               at /rustc/ded5c06cf21d2b93bffd5d884aa6e96934ee4234/library/std/src/panicking.rs:834:13
  12:     0x5648c1356c4a - std::panicking::panic_handler::{{closure}}::h44391079756da3e7
                               at /rustc/ded5c06cf21d2b93bffd5d884aa6e96934ee4234/library/std/src/panicking.rs:707:13
  13:     0x5648c1350ef9 - std::sys::backtrace::__rust_end_short_backtrace::h934e1568393e5b8f
                               at /rustc/ded5c06cf21d2b93bffd5d884aa6e96934ee4234/library/std/src/sys/backtrace.rs:174:18
  14:     0x5648c13386dd - __rustc[d9b87f19e823c0ef]::rust_begin_unwind
                               at /rustc/ded5c06cf21d2b93bffd5d884aa6e96934ee4234/library/std/src/panicking.rs:698:5
  15:     0x5648c1395730 - core::panicking::panic_fmt::h62031895f6e012da
                               at /rustc/ded5c06cf21d2b93bffd5d884aa6e96934ee4234/library/core/src/panicking.rs:80:14
  16:     0x5648c139461b - core::panicking::panic_display::h22aaa05ceec97219
                               at /rustc/ded5c06cf21d2b93bffd5d884aa6e96934ee4234/library/core/src/panicking.rs:264:5
  17:     0x5648c139461b - core::option::expect_failed::h40dde8b63ee0f843
                               at /rustc/ded5c06cf21d2b93bffd5d884aa6e96934ee4234/library/core/src/option.rs:2183:5
  18:     0x5648c0ab67fc - core::option::Option<T>::expect::h9558191f707155c2
                               at /rustc/ded5c06cf21d2b93bffd5d884aa6e96934ee4234/library/core/src/option.rs:970:21
  19:     0x5648c096d9a5 - wgpu_hal::vulkan::instance::<impl wgpu_hal::vulkan::Swapchain>::release_resources::h3d6e7cb0a52efa16
                               at /home/karl/.cargo/registry/src/index.crates.io-1949cf8c6b5b557f/wgpu-hal-0.21.1/src/vulkan/instance.rs:186:58
  20:     0x5648c096dcba - wgpu_hal::vulkan::instance::<impl wgpu_hal::Surface for wgpu_hal::vulkan::Surface>::unconfigure::h6e3b900b272a692d
                               at /home/karl/.cargo/registry/src/index.crates.io-1949cf8c6b5b557f/wgpu-hal-0.21.1/src/vulkan/instance.rs:988:41
  21:     0x5648c0877f9c - wgpu_core::hub::Hub<A>::clear::h1adc033ac5998e3d
                               at /home/karl/.cargo/registry/src/index.crates.io-1949cf8c6b5b557f/wgpu-core-0.21.1/src/hub.rs:246:42
  22:     0x5648c087171c - <wgpu_core::global::Global as core::ops::drop::Drop>::drop::hff0c06eaf7e6e300
                               at /home/karl/.cargo/registry/src/index.crates.io-1949cf8c6b5b557f/wgpu-core-0.21.1/src/global.rs:140:30
  23:     0x5648c075e357 - core::ptr::drop_in_place<wgpu_core::global::Global>::hcccb363a3bc69bb9
                               at /rustc/ded5c06cf21d2b93bffd5d884aa6e96934ee4234/library/core/src/ptr/mod.rs:805:1
  24:     0x5648c075ee44 - core::ptr::drop_in_place<wgpu::backend::wgpu_core::ContextWgpuCore>::hcde11fa8ea9ec49a
                               at /rustc/ded5c06cf21d2b93bffd5d884aa6e96934ee4234/library/core/src/ptr/mod.rs:805:1
  25:     0x5648c075e96d - core::ptr::drop_in_place<dyn wgpu::context::DynContext>::h60ddcb8ed2e3799f
                               at /rustc/ded5c06cf21d2b93bffd5d884aa6e96934ee4234/library/core/src/ptr/mod.rs:805:1
  26:     0x5648c0544a60 - alloc::sync::Arc<T,A>::drop_slow::he79f7ca82ef196fc
                               at /rustc/ded5c06cf21d2b93bffd5d884aa6e96934ee4234/library/alloc/src/sync.rs:1933:18
  27:     0x5648c05471e5 - <alloc::sync::Arc<T,A> as core::ops::drop::Drop>::drop::h75879461f6b11008
                               at /rustc/ded5c06cf21d2b93bffd5d884aa6e96934ee4234/library/alloc/src/sync.rs:2676:18
  28:     0x5648c076050b - core::ptr::drop_in_place<alloc::sync::Arc<dyn wgpu::context::DynContext>>::h0333bb39a97eb2eb
                               at /rustc/ded5c06cf21d2b93bffd5d884aa6e96934ee4234/library/core/src/ptr/mod.rs:805:1
  29:     0x5648bfd41bb7 - core::ptr::drop_in_place<wgpu::Surface>::hcbeda2d5f58832e8
                               at /rustc/ded5c06cf21d2b93bffd5d884aa6e96934ee4234/library/core/src/ptr/mod.rs:805:1
  30:     0x5648bfcb6b39 - gloomy_app::app::GloomyApp::run::he3ed0e6661bda8e4
                               at /home/karl/prsn/gloomy/crates/gloomy-app/src/app.rs:191:3
  31:     0x5648bfc8f022 - validation_demo::main::h34014e74a7b8ce1f
                               at /home/karl/prsn/gloomy/examples/validation_demo.rs:325:10
  32:     0x5648bfc8c3db - core::ops::function::FnOnce::call_once::hbfbd0ac3ea53baf2
                               at /rustc/ded5c06cf21d2b93bffd5d884aa6e96934ee4234/library/core/src/ops/function.rs:250:5
  33:     0x5648bfc9412d - std::sys::backtrace::__rust_begin_short_backtrace::h650c4d9d568227fe
                               at /rustc/ded5c06cf21d2b93bffd5d884aa6e96934ee4234/library/std/src/sys/backtrace.rs:158:18
  34:     0x5648bfc940b1 - std::rt::lang_start::{{closure}}::h576ff055b2489ffe
                               at /rustc/ded5c06cf21d2b93bffd5d884aa6e96934ee4234/library/std/src/rt.rs:206:18
  35:     0x5648c1346980 - core::ops::function::impls::<impl core::ops::function::FnOnce<A> for &F>::call_once::hef272b0bbce060cb
                               at /rustc/ded5c06cf21d2b93bffd5d884aa6e96934ee4234/library/core/src/ops/function.rs:287:21
  36:     0x5648c1346980 - std::panicking::catch_unwind::do_call::hb8c4cc43eed9a08c
                               at /rustc/ded5c06cf21d2b93bffd5d884aa6e96934ee4234/library/std/src/panicking.rs:590:40
  37:     0x5648c1346980 - std::panicking::catch_unwind::h2729a121c7344441
                               at /rustc/ded5c06cf21d2b93bffd5d884aa6e96934ee4234/library/std/src/panicking.rs:553:19
  38:     0x5648c1346980 - std::panic::catch_unwind::h8930b2483deb2063
                               at /rustc/ded5c06cf21d2b93bffd5d884aa6e96934ee4234/library/std/src/panic.rs:359:14
  39:     0x5648c1346980 - std::rt::lang_start_internal::{{closure}}::hada379c5dd834c6b
                               at /rustc/ded5c06cf21d2b93bffd5d884aa6e96934ee4234/library/std/src/rt.rs:175:24
  40:     0x5648c1346980 - std::panicking::catch_unwind::do_call::hc3ea95eb90ebfdc8
                               at /rustc/ded5c06cf21d2b93bffd5d884aa6e96934ee4234/library/std/src/panicking.rs:590:40
  41:     0x5648c1346980 - std::panicking::catch_unwind::h0b97aa6eb277c112
                               at /rustc/ded5c06cf21d2b93bffd5d884aa6e96934ee4234/library/std/src/panicking.rs:553:19
  42:     0x5648c1346980 - std::panic::catch_unwind::h2db34aa2a1d62ae5
                               at /rustc/ded5c06cf21d2b93bffd5d884aa6e96934ee4234/library/std/src/panic.rs:359:14
  43:     0x5648c1346980 - std::rt::lang_start_internal::h00c7908c7c2f92b8
                               at /rustc/ded5c06cf21d2b93bffd5d884aa6e96934ee4234/library/std/src/rt.rs:171:5
  44:     0x5648bfc94097 - std::rt::lang_start::h71ec89305f8a083f
                               at /rustc/ded5c06cf21d2b93bffd5d884aa6e96934ee4234/library/std/src/rt.rs:205:5
  45:     0x5648bfc8f20e - main
  46:     0x7f215926bca8 - <unknown>
  47:     0x7f215926bd65 - __libc_start_main
  48:     0x5648bfc8b7a1 - _start
  49:                0x0 - <unknown>

thread 'main' (99338) panicked at library/core/src/panicking.rs:238:5:
panic in a destructor during cleanup
thread caused non-unwinding panic. aborting.
